<?xml version="1.0" encoding="UTF-8"?>
<coverage generated="1697030820243" clover="3.2.0">
  <project timestamp="1697030820243" name="All files">
    <metrics statements="9" coveredstatements="8" conditionals="4" coveredconditionals="2" methods="1" coveredmethods="1" elements="14" coveredelements="11" complexity="0" loc="9" ncloc="9" packages="1" files="1" classes="1"/>
    <file name="index.js" path="C:\Users\gs510\OneDrive\Área de Trabalho\node\index.js">
      <metrics statements="9" coveredstatements="8" conditionals="4" coveredconditionals="2" methods="1" coveredmethods="1"/>
      <line num="2" count="2" type="stmt"/>
      <line num="3" count="2" type="cond" truecount="1" falsecount="1"/>
      <line num="4" count="2" type="stmt"/>
      <line num="6" count="2" type="cond" truecount="1" falsecount="1"/>
      <line num="7" count="0" type="stmt"/>
      <line num="9" count="2" type="stmt"/>
      <line num="10" count="2" type="stmt"/>
      <line num="12" count="1" type="stmt"/>
      <line num="13" count="1" type="stmt"/>
    </file>
  </project>
</coverage>
