{"C:\\Users\\gs510\\OneDrive\\Área de Trabalho\\node\\index.js": {"path":"C:\\Users\\gs510\\OneDrive\\Área de Trabalho\\node\\index.js","statementMap":{"0":{"start":{"line":2,"column":23},"end":{"line":2,"column":24}},"1":{"start":{"line":3,"column":6},"end":{"line":5,"column":7}},"2":{"start":{"line":4,"column":12},"end":{"line":4,"column":39}},"3":{"start":{"line":6,"column":6},"end":{"line":8,"column":7}},"4":{"start":{"line":7,"column":12},"end":{"line":7,"column":39}},"5":{"start":{"line":9,"column":6},"end":{"line":9,"column":29}},"6":{"start":{"line":10,"column":5},"end":{"line":10,"column":22}},"7":{"start":{"line":12,"column":3},"end":{"line":12,"column":34}},"8":{"start":{"line":13,"column":2},"end":{"line":13,"column":34}}},"fnMap":{"0":{"name":"calcularGasto","decl":{"start":{"line":1,"column":9},"end":{"line":1,"column":22}},"loc":{"start":{"line":1,"column":51},"end":{"line":12,"column":3}},"line":1}},"branchMap":{"0":{"loc":{"start":{"line":3,"column":6},"end":{"line":5,"column":7}},"type":"if","locations":[{"start":{"line":3,"column":6},"end":{"line":5,"column":7}},{"start":{},"end":{}}],"line":3},"1":{"loc":{"start":{"line":6,"column":6},"end":{"line":8,"column":7}},"type":"if","locations":[{"start":{"line":6,"column":6},"end":{"line":8,"column":7}},{"start":{},"end":{}}],"line":6}},"s":{"0":2,"1":2,"2":2,"3":2,"4":0,"5":2,"6":2,"7":1,"8":1},"f":{"0":2},"b":{"0":[2,0],"1":[0,2]},"_coverageSchema":"1a1c01bbd47fc00a2c39e90264f33305004495a9","hash":"f3098389eca1171ec9fc6a8b422880d2730446fe"}
}
